2023-06-15 16:58:50,167 : INFO :  root : test_logout_002: Opening Browser
2023-06-15 16:58:50,192 : INFO :  root : test_logout_002: going To URL
2023-06-15 16:58:52,195 : INFO :  root : test_logout_002: Entering Username
2023-06-15 16:58:54,151 : INFO :  root : test_logout_002: Entering Password
2023-06-15 16:58:54,655 : INFO :  root : test_logout_002: Login success
2023-06-15 16:59:00,631 : INFO :  root : test_logout_002: Test_002_Passed
2023-06-15 16:59:02,767 : INFO :  root : test_logout_002: Click on menu Button
2023-06-15 16:59:04,753 : INFO :  root : test_logout_002: Click on Logout button
2023-06-15 16:59:04,754 : INFO :  root : test_logout_002: Test_login_002 completed
2023-06-15 20:53:20,807 : INFO :  root : test_url_001: Opening Browser
2023-06-15 20:53:29,572 : INFO :  root : test_url_001: checking Page title
2023-06-15 20:53:29,624 : INFO :  root : test_url_001: Test_url_001 passed
2023-06-15 20:53:30,129 : INFO :  root : test_url_001: Url login Close
2023-06-15 20:53:30,129 : INFO :  root : test_url_001: Test_Url_001_Completed
2023-06-15 20:55:08,147 : INFO :  root : test_url_001: Opening Browser
2023-06-15 20:55:15,017 : INFO :  root : test_url_001: Going to url
2023-06-15 20:55:17,018 : INFO :  root : test_url_001: checking Page title
2023-06-15 20:55:17,027 : INFO :  root : test_url_001: Test_url_001 passed
2023-06-15 20:55:17,743 : INFO :  root : test_url_001: Url login Close
2023-06-15 20:55:17,743 : INFO :  root : test_url_001: Test_Url_001_Completed
2023-06-15 21:18:41,407 : INFO :  root : test_login_ddt: Opening browser
2023-06-15 21:18:55,513 : INFO :  root : test_login_ddt: Going to Url
2023-06-15 21:29:09,940 : INFO :  root : test_login_ddt: Opening browser
2023-06-15 21:29:22,361 : INFO :  root : test_login_ddt: Going to Url
2023-06-15 21:37:08,500 : INFO :  root : test_login_ddt: Opening browser
2023-06-15 21:37:19,594 : INFO :  root : test_login_ddt: Going to Url
2023-06-15 21:38:42,770 : INFO :  root : test_login_ddt: Opening browser
2023-06-15 21:38:54,365 : INFO :  root : test_login_ddt: Going to Url
2023-06-15 21:45:01,529 : INFO :  root : test_login_ddt: Opening browser
2023-06-15 21:45:11,929 : INFO :  root : test_login_ddt: Going to Url
2023-06-15 23:15:34,627 : INFO :  root : test_ddt_login__003: Opening Browser
2023-06-15 23:15:44,072 : INFO :  root : test_ddt_login__003: Going To URL
2023-06-15 23:15:45,755 : INFO :  root : test_ddt_login__003: Click on login button
2023-06-15 23:15:51,786 : INFO :  root : test_ddt_login__003: Click on login button
2023-06-15 23:15:57,867 : INFO :  root : test_ddt_login__003: Click on login button
2023-06-15 23:16:03,993 : INFO :  root : test_ddt_login__003: Click on login button
2023-06-15 23:16:09,269 : INFO :  root : test_ddt_login__003: test_login_params_003 is Failed
2023-06-15 23:18:27,241 : INFO :  root : test_ddt_login__003: Opening Browser
2023-06-15 23:18:35,563 : INFO :  root : test_ddt_login__003: Going To URL
2023-06-15 23:18:36,467 : INFO :  root : test_ddt_login__003: Enter UserName-->Admin
2023-06-15 23:18:36,663 : INFO :  root : test_ddt_login__003: Enter Password-->admin123
2023-06-15 23:18:36,750 : INFO :  root : test_ddt_login__003: Click on login button
2023-06-15 23:18:39,428 : INFO :  root : test_ddt_login__003: Click on Menu Button
2023-06-15 23:18:41,552 : INFO :  root : test_ddt_login__003: Click on logout Button
2023-06-15 23:18:42,267 : INFO :  root : test_ddt_login__003: Enter UserName-->Admin1
2023-06-15 23:18:42,404 : INFO :  root : test_ddt_login__003: Enter Password-->admin123
2023-06-15 23:18:42,476 : INFO :  root : test_ddt_login__003: Click on login button
2023-06-15 23:18:47,870 : INFO :  root : test_ddt_login__003: Enter UserName-->Admin
2023-06-15 23:18:47,983 : INFO :  root : test_ddt_login__003: Enter Password-->admin1234
2023-06-15 23:18:48,054 : INFO :  root : test_ddt_login__003: Click on login button
2023-06-15 23:18:53,677 : INFO :  root : test_ddt_login__003: Enter UserName-->Admin1
2023-06-15 23:18:53,840 : INFO :  root : test_ddt_login__003: Enter Password-->admin1234
2023-06-15 23:18:53,934 : INFO :  root : test_ddt_login__003: Click on login button
2023-06-15 23:18:59,470 : INFO :  root : test_ddt_login__003: test_login_params_003 is Passed
2023-06-15 23:18:59,684 : INFO :  root : test_ddt_login__003: test_login_params_003 is Completed
2023-06-15 23:36:24,231 : INFO :  root : test_url_001: Opening Browser
2023-06-15 23:36:24,231 : INFO :  root : test_url_001: Opening Browser
2023-06-15 23:36:33,650 : INFO :  root : test_url_001: Going to url
2023-06-15 23:36:33,650 : INFO :  root : test_url_001: Going to url
2023-06-15 23:36:35,650 : INFO :  root : test_url_001: checking Page title
2023-06-15 23:36:35,650 : INFO :  root : test_url_001: checking Page title
2023-06-15 23:36:35,675 : INFO :  root : test_url_001: Test_url_001 passed
2023-06-15 23:36:35,675 : INFO :  root : test_url_001: Test_url_001 passed
2023-06-15 23:36:35,798 : INFO :  root : test_url_001: Url login Close
2023-06-15 23:36:35,798 : INFO :  root : test_url_001: Url login Close
2023-06-15 23:36:35,799 : INFO :  root : test_url_001: Test_Url_001_Completed
2023-06-15 23:36:35,799 : INFO :  root : test_url_001: Test_Url_001_Completed
2023-06-15 23:36:40,050 : INFO :  root : test_logout_002: Opening Browser
2023-06-15 23:36:40,050 : INFO :  root : test_logout_002: Opening Browser
2023-06-15 23:36:50,536 : INFO :  root : test_logout_002: going To URL
2023-06-15 23:36:50,536 : INFO :  root : test_logout_002: going To URL
2023-06-15 23:36:52,538 : INFO :  root : test_logout_002: Entering Username
2023-06-15 23:36:52,538 : INFO :  root : test_logout_002: Entering Username
2023-06-15 23:36:52,659 : INFO :  root : test_logout_002: Entering Password
2023-06-15 23:36:52,659 : INFO :  root : test_logout_002: Entering Password
2023-06-15 23:36:52,793 : INFO :  root : test_logout_002: Login success
2023-06-15 23:36:52,793 : INFO :  root : test_logout_002: Login success
2023-06-15 23:36:56,087 : INFO :  root : test_logout_002: Test_002_Passed
2023-06-15 23:36:56,087 : INFO :  root : test_logout_002: Test_002_Passed
2023-06-15 23:36:56,155 : INFO :  root : test_logout_002: Click on menu Button
2023-06-15 23:36:56,155 : INFO :  root : test_logout_002: Click on menu Button
2023-06-15 23:36:57,265 : INFO :  root : test_logout_002: Click on Logout button
2023-06-15 23:36:57,265 : INFO :  root : test_logout_002: Click on Logout button
2023-06-15 23:36:57,266 : INFO :  root : test_logout_002: Test_login_002 completed
2023-06-15 23:36:57,266 : INFO :  root : test_logout_002: Test_login_002 completed
2023-06-15 23:36:59,108 : INFO :  root : test_ddt_login__003: Opening Browser
2023-06-15 23:36:59,108 : INFO :  root : test_ddt_login__003: Opening Browser
2023-06-15 23:37:06,880 : INFO :  root : test_ddt_login__003: Going To URL
2023-06-15 23:37:06,880 : INFO :  root : test_ddt_login__003: Going To URL
2023-06-15 23:37:07,810 : INFO :  root : test_ddt_login__003: Enter UserName-->Admin
2023-06-15 23:37:07,810 : INFO :  root : test_ddt_login__003: Enter UserName-->Admin
2023-06-15 23:37:07,937 : INFO :  root : test_ddt_login__003: Enter Password-->admin123
2023-06-15 23:37:07,937 : INFO :  root : test_ddt_login__003: Enter Password-->admin123
2023-06-15 23:37:08,011 : INFO :  root : test_ddt_login__003: Click on login button
2023-06-15 23:37:08,011 : INFO :  root : test_ddt_login__003: Click on login button
2023-06-15 23:37:10,417 : INFO :  root : test_ddt_login__003: Click on Menu Button
2023-06-15 23:37:10,417 : INFO :  root : test_ddt_login__003: Click on Menu Button
2023-06-15 23:37:12,426 : INFO :  root : test_ddt_login__003: Click on logout Button
2023-06-15 23:37:12,426 : INFO :  root : test_ddt_login__003: Click on logout Button
2023-06-15 23:37:13,231 : INFO :  root : test_ddt_login__003: Enter UserName-->Admin1
2023-06-15 23:37:13,231 : INFO :  root : test_ddt_login__003: Enter UserName-->Admin1
2023-06-15 23:37:13,335 : INFO :  root : test_ddt_login__003: Enter Password-->admin123
2023-06-15 23:37:13,335 : INFO :  root : test_ddt_login__003: Enter Password-->admin123
2023-06-15 23:37:13,401 : INFO :  root : test_ddt_login__003: Click on login button
2023-06-15 23:37:13,401 : INFO :  root : test_ddt_login__003: Click on login button
2023-06-15 23:37:18,730 : INFO :  root : test_ddt_login__003: Enter UserName-->Admin
2023-06-15 23:37:18,730 : INFO :  root : test_ddt_login__003: Enter UserName-->Admin
2023-06-15 23:37:18,831 : INFO :  root : test_ddt_login__003: Enter Password-->admin1234
2023-06-15 23:37:18,831 : INFO :  root : test_ddt_login__003: Enter Password-->admin1234
2023-06-15 23:37:18,894 : INFO :  root : test_ddt_login__003: Click on login button
2023-06-15 23:37:18,894 : INFO :  root : test_ddt_login__003: Click on login button
2023-06-15 23:37:24,435 : INFO :  root : test_ddt_login__003: Enter UserName-->Admin1
2023-06-15 23:37:24,435 : INFO :  root : test_ddt_login__003: Enter UserName-->Admin1
2023-06-15 23:37:24,568 : INFO :  root : test_ddt_login__003: Enter Password-->admin1234
2023-06-15 23:37:24,568 : INFO :  root : test_ddt_login__003: Enter Password-->admin1234
2023-06-15 23:37:24,635 : INFO :  root : test_ddt_login__003: Click on login button
2023-06-15 23:37:24,635 : INFO :  root : test_ddt_login__003: Click on login button
2023-06-15 23:37:30,178 : INFO :  root : test_ddt_login__003: test_login_params_003 is Passed
2023-06-15 23:37:30,178 : INFO :  root : test_ddt_login__003: test_login_params_003 is Passed
2023-06-15 23:37:30,220 : INFO :  root : test_ddt_login__003: test_login_params_003 is Completed
2023-06-15 23:37:30,220 : INFO :  root : test_ddt_login__003: test_login_params_003 is Completed
2023-06-15 23:38:17,098 : INFO :  root : test_ddt_login__003: Opening Browser
2023-06-15 23:38:24,469 : INFO :  root : test_ddt_login__003: Going To URL
2023-06-15 23:38:25,365 : INFO :  root : test_ddt_login__003: Enter UserName-->Admin
2023-06-15 23:38:25,492 : INFO :  root : test_ddt_login__003: Enter Password-->admin123
2023-06-15 23:38:25,569 : INFO :  root : test_ddt_login__003: Click on login button
2023-06-15 23:38:27,909 : INFO :  root : test_ddt_login__003: Click on Menu Button
2023-06-15 23:38:30,706 : INFO :  root : test_ddt_login__003: Click on logout Button
2023-06-15 23:38:31,375 : INFO :  root : test_ddt_login__003: Enter UserName-->Admin1
2023-06-15 23:38:31,477 : INFO :  root : test_ddt_login__003: Enter Password-->admin123
2023-06-15 23:38:31,538 : INFO :  root : test_ddt_login__003: Click on login button
2023-06-15 23:38:37,237 : INFO :  root : test_ddt_login__003: Enter UserName-->Admin
2023-06-15 23:38:37,335 : INFO :  root : test_ddt_login__003: Enter Password-->admin1234
2023-06-15 23:38:37,394 : INFO :  root : test_ddt_login__003: Click on login button
2023-06-15 23:38:43,024 : INFO :  root : test_ddt_login__003: Enter UserName-->Admin1
2023-06-15 23:38:43,126 : INFO :  root : test_ddt_login__003: Enter Password-->admin1234
2023-06-15 23:38:43,201 : INFO :  root : test_ddt_login__003: Click on login button
2023-06-15 23:38:48,687 : INFO :  root : test_ddt_login__003: test_login_params_003 is Passed
2023-06-15 23:38:48,744 : INFO :  root : test_ddt_login__003: test_login_params_003 is Completed
2023-06-15 23:44:42,330 : INFO :  root : test_ddt_login__003: Opening Browser
2023-06-15 23:44:49,374 : INFO :  root : test_ddt_login__003: Going To URL
2023-06-15 23:44:50,264 : INFO :  root : test_ddt_login__003: Enter UserName-->Admin
2023-06-15 23:44:50,430 : INFO :  root : test_ddt_login__003: Enter Password-->admin123
2023-06-15 23:44:50,519 : INFO :  root : test_ddt_login__003: Click on login button
2023-06-15 23:44:54,146 : INFO :  root : test_ddt_login__003: Click on Menu Button
2023-06-15 23:44:57,505 : INFO :  root : test_ddt_login__003: Click on logout Button
2023-06-15 23:44:58,283 : INFO :  root : test_ddt_login__003: Enter UserName-->Admin1
2023-06-15 23:44:58,410 : INFO :  root : test_ddt_login__003: Enter Password-->admin123
2023-06-15 23:44:58,473 : INFO :  root : test_ddt_login__003: Click on login button
2023-06-15 23:45:04,025 : INFO :  root : test_ddt_login__003: Enter UserName-->Admin
2023-06-15 23:45:04,139 : INFO :  root : test_ddt_login__003: Enter Password-->admin1234
2023-06-15 23:45:04,211 : INFO :  root : test_ddt_login__003: Click on login button
2023-06-15 23:45:09,728 : INFO :  root : test_ddt_login__003: Enter UserName-->Admin1
2023-06-15 23:45:09,834 : INFO :  root : test_ddt_login__003: Enter Password-->admin1234
2023-06-15 23:45:09,892 : INFO :  root : test_ddt_login__003: Click on login button
2023-06-15 23:45:15,468 : INFO :  root : test_ddt_login__003: test_login_params_003 is Passed
2023-06-15 23:45:16,086 : INFO :  root : test_ddt_login__003: test_login_params_003 is Completed
2023-06-15 23:52:37,069 : INFO :  root : test_logout_002: Opening Browser
2023-06-15 23:52:37,069 : INFO :  root : test_logout_002: Opening Browser
2023-06-15 23:52:44,959 : INFO :  root : test_logout_002: going To URL
2023-06-15 23:52:44,959 : INFO :  root : test_logout_002: going To URL
2023-06-15 23:52:45,028 : INFO :  root : test_url_001: Going to url
2023-06-15 23:52:45,028 : INFO :  root : test_url_001: Going to url
2023-06-15 23:52:46,960 : INFO :  root : test_logout_002: Entering Username
2023-06-15 23:52:46,960 : INFO :  root : test_logout_002: Entering Username
2023-06-15 23:52:47,036 : INFO :  root : test_url_001: checking Page title
2023-06-15 23:52:47,036 : INFO :  root : test_url_001: checking Page title
2023-06-15 23:52:47,185 : INFO :  root : test_url_001: Test_url_001 passed
2023-06-15 23:52:47,185 : INFO :  root : test_url_001: Test_url_001 passed
2023-06-15 23:52:48,702 : INFO :  root : test_logout_002: Entering Password
2023-06-15 23:52:48,702 : INFO :  root : test_logout_002: Entering Password
2023-06-15 23:52:51,202 : INFO :  root : test_logout_002: Login success
2023-06-15 23:52:51,202 : INFO :  root : test_logout_002: Login success
2023-06-15 23:52:51,971 : INFO :  root : test_url_001: Url login Close
2023-06-15 23:52:51,971 : INFO :  root : test_url_001: Url login Close
2023-06-15 23:52:51,972 : INFO :  root : test_url_001: Test_Url_001_Completed
2023-06-15 23:52:51,972 : INFO :  root : test_url_001: Test_Url_001_Completed
2023-06-15 23:52:55,637 : INFO :  root : test_logout_002: Test_002_Passed
2023-06-15 23:52:55,637 : INFO :  root : test_logout_002: Test_002_Passed
2023-06-15 23:52:55,719 : INFO :  root : test_logout_002: Click on menu Button
2023-06-15 23:52:55,719 : INFO :  root : test_logout_002: Click on menu Button
2023-06-15 23:52:57,403 : INFO :  root : test_logout_002: Click on Logout button
2023-06-15 23:52:57,403 : INFO :  root : test_logout_002: Click on Logout button
2023-06-15 23:52:57,403 : INFO :  root : test_logout_002: Test_login_002 completed
2023-06-15 23:52:57,403 : INFO :  root : test_logout_002: Test_login_002 completed
2023-06-15 23:53:15,821 : INFO :  root : test_ddt_login__003: Opening Browser
2023-06-15 23:53:15,821 : INFO :  root : test_ddt_login__003: Opening Browser
2023-06-15 23:53:24,358 : INFO :  root : test_ddt_login__003: Going To URL
2023-06-15 23:53:24,358 : INFO :  root : test_ddt_login__003: Going To URL
2023-06-15 23:53:26,733 : INFO :  root : test_ddt_login__003: Enter UserName-->Admin
2023-06-15 23:53:26,733 : INFO :  root : test_ddt_login__003: Enter UserName-->Admin
2023-06-15 23:53:26,929 : INFO :  root : test_ddt_login__003: Enter Password-->admin123
2023-06-15 23:53:26,929 : INFO :  root : test_ddt_login__003: Enter Password-->admin123
2023-06-15 23:53:27,030 : INFO :  root : test_ddt_login__003: Click on login button
2023-06-15 23:53:27,030 : INFO :  root : test_ddt_login__003: Click on login button
2023-06-15 23:53:29,653 : INFO :  root : test_ddt_login__003: Click on Menu Button
2023-06-15 23:53:29,653 : INFO :  root : test_ddt_login__003: Click on Menu Button
2023-06-15 23:53:32,130 : INFO :  root : test_ddt_login__003: Click on logout Button
2023-06-15 23:53:32,130 : INFO :  root : test_ddt_login__003: Click on logout Button
2023-06-15 23:53:33,032 : INFO :  root : test_ddt_login__003: Enter UserName-->Admin1
2023-06-15 23:53:33,032 : INFO :  root : test_ddt_login__003: Enter UserName-->Admin1
2023-06-15 23:53:33,165 : INFO :  root : test_ddt_login__003: Enter Password-->admin123
2023-06-15 23:53:33,165 : INFO :  root : test_ddt_login__003: Enter Password-->admin123
2023-06-15 23:53:33,334 : INFO :  root : test_ddt_login__003: Click on login button
2023-06-15 23:53:33,334 : INFO :  root : test_ddt_login__003: Click on login button
2023-06-15 23:53:39,510 : INFO :  root : test_ddt_login__003: Enter UserName-->Admin
2023-06-15 23:53:39,510 : INFO :  root : test_ddt_login__003: Enter UserName-->Admin
2023-06-15 23:53:39,798 : INFO :  root : test_ddt_login__003: Enter Password-->admin1234
2023-06-15 23:53:39,798 : INFO :  root : test_ddt_login__003: Enter Password-->admin1234
2023-06-15 23:53:40,008 : INFO :  root : test_ddt_login__003: Click on login button
2023-06-15 23:53:40,008 : INFO :  root : test_ddt_login__003: Click on login button
2023-06-15 23:53:47,553 : INFO :  root : test_ddt_login__003: Enter UserName-->Admin1
2023-06-15 23:53:47,553 : INFO :  root : test_ddt_login__003: Enter UserName-->Admin1
2023-06-15 23:53:47,814 : INFO :  root : test_ddt_login__003: Enter Password-->admin1234
2023-06-15 23:53:47,814 : INFO :  root : test_ddt_login__003: Enter Password-->admin1234
2023-06-15 23:53:48,012 : INFO :  root : test_ddt_login__003: Click on login button
2023-06-15 23:53:48,012 : INFO :  root : test_ddt_login__003: Click on login button
2023-06-15 23:53:53,258 : INFO :  root : test_ddt_login__003: test_login_params_003 is Passed
2023-06-15 23:53:53,258 : INFO :  root : test_ddt_login__003: test_login_params_003 is Passed
2023-06-15 23:54:02,022 : INFO :  root : test_ddt_login__003: test_login_params_003 is Completed
2023-06-15 23:54:02,022 : INFO :  root : test_ddt_login__003: test_login_params_003 is Completed
2023-06-16 13:20:47,235 : INFO :  Test_login_param_004 : test_login_param_004: Opening Browser
2023-06-16 13:20:57,265 : INFO :  Test_login_param_004 : test_login_param_004: Geting url
2023-06-16 13:20:58,799 : INFO :  Test_login_param_004 : test_login_param_004: Enter Username -->Admin
2023-06-16 13:20:58,956 : INFO :  Test_login_param_004 : test_login_param_004: enter Password --->admin123
2023-06-16 13:20:59,068 : INFO :  Test_login_param_004 : test_login_param_004: Click On Login button
2023-06-16 13:21:06,658 : INFO :  Test_login_param_004 : test_login_param_004: Clik on menu Button
2023-06-16 13:21:07,728 : INFO :  Test_login_param_004 : test_login_param_004: Click on LogOut Button
2023-06-16 13:21:07,729 : INFO :  Test_login_param_004 : test_login_param_004: test_login_params_003 is Passed
2023-06-16 13:21:07,959 : INFO :  Test_login_param_004 : test_login_param_004: test_login_params_003 is Completed
2023-06-16 13:21:14,498 : INFO :  Test_login_param_004 : test_login_param_004: Opening Browser
2023-06-16 13:21:22,189 : INFO :  Test_login_param_004 : test_login_param_004: Geting url
2023-06-16 13:21:23,228 : INFO :  Test_login_param_004 : test_login_param_004: Enter Username -->Admin1
2023-06-16 13:21:23,403 : INFO :  Test_login_param_004 : test_login_param_004: enter Password --->admin123
2023-06-16 13:21:23,499 : INFO :  Test_login_param_004 : test_login_param_004: Click On Login button
2023-06-16 13:21:29,083 : INFO :  Test_login_param_004 : test_login_param_004: test_login_params_003 is Passed
2023-06-16 13:21:30,224 : INFO :  Test_login_param_004 : test_login_param_004: test_login_params_003 is Completed
2023-06-16 13:21:33,442 : INFO :  Test_login_param_004 : test_login_param_004: Opening Browser
2023-06-16 13:21:40,978 : INFO :  Test_login_param_004 : test_login_param_004: Geting url
2023-06-16 13:21:42,146 : INFO :  Test_login_param_004 : test_login_param_004: Enter Username -->Admin
2023-06-16 13:21:42,316 : INFO :  Test_login_param_004 : test_login_param_004: enter Password --->admin1231
2023-06-16 13:21:42,411 : INFO :  Test_login_param_004 : test_login_param_004: Click On Login button
2023-06-16 13:21:47,818 : INFO :  Test_login_param_004 : test_login_param_004: test_login_params_003 is Passed
2023-06-16 13:21:48,041 : INFO :  Test_login_param_004 : test_login_param_004: test_login_params_003 is Completed
2023-06-16 13:21:52,255 : INFO :  Test_login_param_004 : test_login_param_004: Opening Browser
2023-06-16 13:22:13,889 : INFO :  Test_login_param_004 : test_login_param_004: Geting url
2023-06-16 13:22:15,166 : INFO :  Test_login_param_004 : test_login_param_004: Enter Username -->Admin1
2023-06-16 13:22:15,313 : INFO :  Test_login_param_004 : test_login_param_004: enter Password --->admin1231
2023-06-16 13:22:15,422 : INFO :  Test_login_param_004 : test_login_param_004: Click On Login button
2023-06-16 13:22:20,982 : INFO :  Test_login_param_004 : test_login_param_004: test_login_params_003 is Passed
2023-06-16 13:22:21,149 : INFO :  Test_login_param_004 : test_login_param_004: test_login_params_003 is Completed
2023-06-16 13:27:47,015 : INFO :  Test_login_param_004 : test_login_param_004: Opening Browser
2023-06-16 13:28:01,708 : INFO :  Test_login_param_004 : test_login_param_004: Geting url
2023-06-16 13:28:03,615 : INFO :  Test_login_param_004 : test_login_param_004: Enter Username -->Admin
2023-06-16 13:28:04,527 : INFO :  Test_login_param_004 : test_login_param_004: enter Password --->admin123
2023-06-16 13:28:04,990 : INFO :  Test_login_param_004 : test_login_param_004: Click On Login button
2023-06-16 13:28:11,398 : INFO :  Test_login_param_004 : test_login_param_004: Clik on menu Button
2023-06-16 13:28:13,227 : INFO :  Test_login_param_004 : test_login_param_004: Click on LogOut Button
2023-06-16 13:28:13,227 : INFO :  Test_login_param_004 : test_login_param_004: test_login_params_003 is Passed
2023-06-16 13:28:14,047 : INFO :  Test_login_param_004 : test_login_param_004: test_login_params_003 is Completed
2023-06-16 13:28:26,987 : INFO :  Test_login_param_004 : test_login_param_004: Opening Browser
2023-06-16 13:28:34,058 : INFO :  Test_login_param_004 : test_login_param_004: Geting url
2023-06-16 13:28:35,002 : INFO :  Test_login_param_004 : test_login_param_004: Enter Username -->Admin1
2023-06-16 13:28:35,149 : INFO :  Test_login_param_004 : test_login_param_004: enter Password --->admin123
2023-06-16 13:28:35,281 : INFO :  Test_login_param_004 : test_login_param_004: Click On Login button
2023-06-16 13:28:40,626 : INFO :  Test_login_param_004 : test_login_param_004: test_login_params_003 is Passed
2023-06-16 13:28:40,829 : INFO :  Test_login_param_004 : test_login_param_004: test_login_params_003 is Completed
2023-06-16 13:28:44,461 : INFO :  Test_login_param_004 : test_login_param_004: Opening Browser
2023-06-16 13:28:52,719 : INFO :  Test_login_param_004 : test_login_param_004: Geting url
2023-06-16 13:28:53,954 : INFO :  Test_login_param_004 : test_login_param_004: Enter Username -->Admin
2023-06-16 13:28:54,706 : INFO :  Test_login_param_004 : test_login_param_004: enter Password --->admin1231
2023-06-16 13:28:54,849 : INFO :  Test_login_param_004 : test_login_param_004: Click On Login button
2023-06-16 13:29:00,457 : INFO :  Test_login_param_004 : test_login_param_004: test_login_params_003 is Passed
2023-06-16 13:29:00,751 : INFO :  Test_login_param_004 : test_login_param_004: test_login_params_003 is Completed
2023-06-16 13:29:05,017 : INFO :  Test_login_param_004 : test_login_param_004: Opening Browser
2023-06-16 13:29:14,822 : INFO :  Test_login_param_004 : test_login_param_004: Geting url
2023-06-16 13:29:16,041 : INFO :  Test_login_param_004 : test_login_param_004: Enter Username -->Admin1
2023-06-16 13:29:16,310 : INFO :  Test_login_param_004 : test_login_param_004: enter Password --->admin1231
2023-06-16 13:29:16,427 : INFO :  Test_login_param_004 : test_login_param_004: Click On Login button
2023-06-16 13:29:22,116 : INFO :  Test_login_param_004 : test_login_param_004: test_login_params_003 is Passed
2023-06-16 13:29:23,867 : INFO :  Test_login_param_004 : test_login_param_004: test_login_params_003 is Completed
2023-06-16 13:30:08,919 : INFO :  Test_Login : test_url_001: Opening Browser
2023-06-16 13:30:18,210 : INFO :  Test_Login : test_url_001: Going to url
2023-06-16 13:30:20,211 : INFO :  Test_Login : test_url_001: checking Page title
2023-06-16 13:30:20,310 : INFO :  Test_Login : test_url_001: Test_url_001 passed
2023-06-16 13:30:20,725 : INFO :  Test_Login : test_url_001: Url login Close
2023-06-16 13:30:20,726 : INFO :  Test_Login : test_url_001: Test_Url_001_Completed
2023-06-16 13:30:23,991 : INFO :  Test_Login : test_logout_002: Opening Browser
2023-06-16 13:30:33,405 : INFO :  Test_Login : test_logout_002: going To URL
2023-06-16 13:30:35,407 : INFO :  Test_Login : test_logout_002: Entering Username
2023-06-16 13:30:35,706 : INFO :  Test_Login : test_logout_002: Entering Password
2023-06-16 13:30:35,862 : INFO :  Test_Login : test_logout_002: Login success
2023-06-16 13:30:40,631 : INFO :  Test_Login : test_logout_002: Test_002_Passed
2023-06-16 13:30:40,970 : INFO :  Test_Login : test_logout_002: Click on menu Button
2023-06-16 13:30:46,254 : INFO :  Test_Login : test_logout_002: Click on Logout button
2023-06-16 13:30:46,254 : INFO :  Test_Login : test_logout_002: Test_login_002 completed
2023-06-16 13:30:58,574 : INFO :  Test_ddt : test_ddt_login__003: Opening Browser
2023-06-16 13:31:10,140 : INFO :  Test_ddt : test_ddt_login__003: Going To URL
2023-06-16 13:31:11,838 : INFO :  Test_ddt : test_ddt_login__003: Enter UserName-->Admin
2023-06-16 13:31:12,009 : INFO :  Test_ddt : test_ddt_login__003: Enter Password-->admin123
2023-06-16 13:31:13,740 : INFO :  Test_ddt : test_ddt_login__003: Click on login button
2023-06-16 13:31:15,154 : INFO :  Test_ddt : test_ddt_login__003: Click on Menu Button
2023-06-16 13:31:17,549 : INFO :  Test_ddt : test_ddt_login__003: Click on logout Button
2023-06-16 13:31:19,867 : INFO :  Test_ddt : test_ddt_login__003: Enter UserName-->Admin1
2023-06-16 13:31:20,018 : INFO :  Test_ddt : test_ddt_login__003: Enter Password-->admin123
2023-06-16 13:31:20,140 : INFO :  Test_ddt : test_ddt_login__003: Click on login button
2023-06-16 13:31:25,851 : INFO :  Test_ddt : test_ddt_login__003: Enter UserName-->Admin
2023-06-16 13:31:26,780 : INFO :  Test_ddt : test_ddt_login__003: Enter Password-->admin1234
2023-06-16 13:31:26,877 : INFO :  Test_ddt : test_ddt_login__003: Click on login button
2023-06-16 13:31:32,342 : INFO :  Test_ddt : test_ddt_login__003: Enter UserName-->Admin1
2023-06-16 13:31:32,458 : INFO :  Test_ddt : test_ddt_login__003: Enter Password-->admin1234
2023-06-16 13:31:32,539 : INFO :  Test_ddt : test_ddt_login__003: Click on login button
2023-06-16 13:31:37,834 : INFO :  Test_ddt : test_ddt_login__003: test_login_params_003 is Passed
2023-06-16 13:31:38,710 : INFO :  Test_ddt : test_ddt_login__003: test_login_params_003 is Completed
2023-06-16 13:32:05,649 : INFO :  Test_login_param_004 : test_login_param_004: Opening Browser
2023-06-16 13:32:23,947 : INFO :  Test_login_param_004 : test_login_param_004: Geting url
2023-06-16 13:32:25,432 : INFO :  Test_login_param_004 : test_login_param_004: Enter Username -->Admin
2023-06-16 13:32:25,637 : INFO :  Test_login_param_004 : test_login_param_004: enter Password --->admin123
2023-06-16 13:32:25,744 : INFO :  Test_login_param_004 : test_login_param_004: Click On Login button
2023-06-16 13:32:29,934 : INFO :  Test_login_param_004 : test_login_param_004: Clik on menu Button
2023-06-16 13:32:31,200 : INFO :  Test_login_param_004 : test_login_param_004: Click on LogOut Button
2023-06-16 13:32:31,201 : INFO :  Test_login_param_004 : test_login_param_004: test_login_params_003 is Passed
2023-06-16 13:32:31,633 : INFO :  Test_login_param_004 : test_login_param_004: test_login_params_003 is Completed
2023-06-16 13:32:50,674 : INFO :  Test_login_param_004 : test_login_param_004: Opening Browser
2023-06-16 13:32:58,633 : INFO :  Test_login_param_004 : test_login_param_004: Geting url
2023-06-16 13:33:00,056 : INFO :  Test_login_param_004 : test_login_param_004: Enter Username -->Admin1
2023-06-16 13:33:00,225 : INFO :  Test_login_param_004 : test_login_param_004: enter Password --->admin123
2023-06-16 13:33:00,391 : INFO :  Test_login_param_004 : test_login_param_004: Click On Login button
2023-06-16 13:33:05,669 : INFO :  Test_login_param_004 : test_login_param_004: test_login_params_003 is Passed
2023-06-16 13:33:06,018 : INFO :  Test_login_param_004 : test_login_param_004: test_login_params_003 is Completed
2023-06-16 13:33:10,125 : INFO :  Test_login_param_004 : test_login_param_004: Opening Browser
2023-06-16 13:33:18,127 : INFO :  Test_login_param_004 : test_login_param_004: Geting url
2023-06-16 13:33:19,953 : INFO :  Test_login_param_004 : test_login_param_004: Enter Username -->Admin
2023-06-16 13:33:20,097 : INFO :  Test_login_param_004 : test_login_param_004: enter Password --->admin1231
2023-06-16 13:33:21,681 : INFO :  Test_login_param_004 : test_login_param_004: Click On Login button
2023-06-16 13:33:27,301 : INFO :  Test_login_param_004 : test_login_param_004: test_login_params_003 is Passed
2023-06-16 13:33:28,065 : INFO :  Test_login_param_004 : test_login_param_004: test_login_params_003 is Completed
2023-06-16 13:33:31,596 : INFO :  Test_login_param_004 : test_login_param_004: Opening Browser
2023-06-16 13:33:39,334 : INFO :  Test_login_param_004 : test_login_param_004: Geting url
2023-06-16 13:33:40,503 : INFO :  Test_login_param_004 : test_login_param_004: Enter Username -->Admin1
2023-06-16 13:33:40,673 : INFO :  Test_login_param_004 : test_login_param_004: enter Password --->admin1231
2023-06-16 13:33:40,765 : INFO :  Test_login_param_004 : test_login_param_004: Click On Login button
2023-06-16 13:33:47,219 : INFO :  Test_login_param_004 : test_login_param_004: test_login_params_003 is Passed
2023-06-16 13:33:48,429 : INFO :  Test_login_param_004 : test_login_param_004: test_login_params_003 is Completed
2023-06-16 13:35:06,512 : INFO :  Test_Login : test_url_001: Opening Browser
2023-06-16 13:35:12,806 : INFO :  Test_Login : test_url_001: Going to url
2023-06-16 13:35:14,810 : INFO :  Test_Login : test_url_001: checking Page title
2023-06-16 13:35:14,825 : INFO :  Test_Login : test_url_001: Test_url_001 passed
2023-06-16 13:35:15,205 : INFO :  Test_Login : test_url_001: Url login Close
2023-06-16 13:35:15,205 : INFO :  Test_Login : test_url_001: Test_Url_001_Completed
2023-06-16 13:35:18,340 : INFO :  Test_Login : test_logout_002: Opening Browser
2023-06-16 13:35:24,399 : INFO :  Test_Login : test_logout_002: going To URL
2023-06-16 13:35:26,399 : INFO :  Test_Login : test_logout_002: Entering Username
2023-06-16 13:35:26,673 : INFO :  Test_Login : test_logout_002: Entering Password
2023-06-16 13:35:26,819 : INFO :  Test_Login : test_logout_002: Login success
2023-06-16 13:35:30,776 : INFO :  Test_Login : test_logout_002: Test_002_Passed
2023-06-16 13:35:30,899 : INFO :  Test_Login : test_logout_002: Click on menu Button
2023-06-16 13:35:32,242 : INFO :  Test_Login : test_logout_002: Click on Logout button
2023-06-16 13:35:32,458 : INFO :  Test_Login : test_logout_002: Test_login_002 completed
2023-06-16 13:35:35,536 : INFO :  Test_ddt : test_ddt_login__003: Opening Browser
2023-06-16 13:35:41,659 : INFO :  Test_ddt : test_ddt_login__003: Going To URL
2023-06-16 13:35:42,818 : INFO :  Test_ddt : test_ddt_login__003: Enter UserName-->Admin
2023-06-16 13:35:42,961 : INFO :  Test_ddt : test_ddt_login__003: Enter Password-->admin123
2023-06-16 13:35:43,054 : INFO :  Test_ddt : test_ddt_login__003: Click on login button
2023-06-16 13:35:45,528 : INFO :  Test_ddt : test_ddt_login__003: Click on Menu Button
2023-06-16 13:35:47,429 : INFO :  Test_ddt : test_ddt_login__003: Click on logout Button
2023-06-16 13:35:48,533 : INFO :  Test_ddt : test_ddt_login__003: Enter UserName-->Admin1
2023-06-16 13:35:48,667 : INFO :  Test_ddt : test_ddt_login__003: Enter Password-->admin123
2023-06-16 13:35:48,747 : INFO :  Test_ddt : test_ddt_login__003: Click on login button
2023-06-16 13:35:54,185 : INFO :  Test_ddt : test_ddt_login__003: Enter UserName-->Admin
2023-06-16 13:35:54,330 : INFO :  Test_ddt : test_ddt_login__003: Enter Password-->admin1234
2023-06-16 13:35:54,427 : INFO :  Test_ddt : test_ddt_login__003: Click on login button
2023-06-16 13:36:00,131 : INFO :  Test_ddt : test_ddt_login__003: Enter UserName-->Admin1
2023-06-16 13:36:00,255 : INFO :  Test_ddt : test_ddt_login__003: Enter Password-->admin1234
2023-06-16 13:36:00,365 : INFO :  Test_ddt : test_ddt_login__003: Click on login button
2023-06-16 13:36:05,833 : INFO :  Test_ddt : test_ddt_login__003: test_login_params_003 is Passed
2023-06-16 13:36:06,063 : INFO :  Test_ddt : test_ddt_login__003: test_login_params_003 is Completed
2023-06-16 13:36:13,031 : INFO :  Test_login_param_004 : test_login_param_004: Opening Browser
2023-06-16 13:36:19,726 : INFO :  Test_login_param_004 : test_login_param_004: Geting url
2023-06-16 13:36:20,896 : INFO :  Test_login_param_004 : test_login_param_004: Enter Username -->Admin
2023-06-16 13:36:21,066 : INFO :  Test_login_param_004 : test_login_param_004: enter Password --->admin123
2023-06-16 13:36:21,180 : INFO :  Test_login_param_004 : test_login_param_004: Click On Login button
2023-06-16 13:36:24,940 : INFO :  Test_login_param_004 : test_login_param_004: Clik on menu Button
2023-06-16 13:36:26,341 : INFO :  Test_login_param_004 : test_login_param_004: Click on LogOut Button
2023-06-16 13:36:26,341 : INFO :  Test_login_param_004 : test_login_param_004: test_login_params_003 is Passed
2023-06-16 13:36:26,564 : INFO :  Test_login_param_004 : test_login_param_004: test_login_params_003 is Completed
2023-06-16 13:36:33,004 : INFO :  Test_login_param_004 : test_login_param_004: Opening Browser
2023-06-16 13:36:39,128 : INFO :  Test_login_param_004 : test_login_param_004: Geting url
2023-06-16 13:36:39,877 : INFO :  Test_login_param_004 : test_login_param_004: Enter Username -->Admin1
2023-06-16 13:36:40,062 : INFO :  Test_login_param_004 : test_login_param_004: enter Password --->admin123
2023-06-16 13:36:40,168 : INFO :  Test_login_param_004 : test_login_param_004: Click On Login button
2023-06-16 13:36:45,871 : INFO :  Test_login_param_004 : test_login_param_004: test_login_params_003 is Passed
2023-06-16 13:36:46,000 : INFO :  Test_login_param_004 : test_login_param_004: test_login_params_003 is Completed
2023-06-16 13:36:49,446 : INFO :  Test_login_param_004 : test_login_param_004: Opening Browser
2023-06-16 13:36:57,186 : INFO :  Test_login_param_004 : test_login_param_004: Geting url
2023-06-16 13:36:58,468 : INFO :  Test_login_param_004 : test_login_param_004: Enter Username -->Admin
2023-06-16 13:36:58,652 : INFO :  Test_login_param_004 : test_login_param_004: enter Password --->admin1231
2023-06-16 13:36:58,740 : INFO :  Test_login_param_004 : test_login_param_004: Click On Login button
2023-06-16 13:37:04,065 : INFO :  Test_login_param_004 : test_login_param_004: test_login_params_003 is Passed
2023-06-16 13:37:05,212 : INFO :  Test_login_param_004 : test_login_param_004: test_login_params_003 is Completed
2023-06-16 13:37:09,712 : INFO :  Test_login_param_004 : test_login_param_004: Opening Browser
2023-06-16 13:37:18,025 : INFO :  Test_login_param_004 : test_login_param_004: Geting url
2023-06-16 13:37:19,209 : INFO :  Test_login_param_004 : test_login_param_004: Enter Username -->Admin1
2023-06-16 13:37:19,380 : INFO :  Test_login_param_004 : test_login_param_004: enter Password --->admin1231
2023-06-16 13:37:20,636 : INFO :  Test_login_param_004 : test_login_param_004: Click On Login button
2023-06-16 13:37:26,192 : INFO :  Test_login_param_004 : test_login_param_004: test_login_params_003 is Passed
2023-06-16 13:37:26,488 : INFO :  Test_login_param_004 : test_login_param_004: test_login_params_003 is Completed
2023-06-16 13:44:08,562 : INFO :  Test_Login : test_url_001: Opening Browser
2023-06-16 13:44:18,362 : INFO :  Test_Login : test_url_001: Going to url
2023-06-16 13:44:20,362 : INFO :  Test_Login : test_url_001: checking Page title
2023-06-16 13:44:20,371 : INFO :  Test_Login : test_url_001: Test_url_001 passed
2023-06-16 13:44:21,091 : INFO :  Test_Login : test_url_001: Url login Close
2023-06-16 13:44:21,092 : INFO :  Test_Login : test_url_001: Test_Url_001_Completed
2023-06-16 13:44:24,704 : INFO :  Test_Login : test_logout_002: Opening Browser
2023-06-16 13:44:33,604 : INFO :  Test_Login : test_logout_002: going To URL
2023-06-16 13:44:35,605 : INFO :  Test_Login : test_logout_002: Entering Username
2023-06-16 13:44:35,726 : INFO :  Test_Login : test_logout_002: Entering Password
2023-06-16 13:44:35,855 : INFO :  Test_Login : test_logout_002: Login success
2023-06-16 13:44:39,615 : INFO :  Test_Login : test_logout_002: Test_002_Passed
2023-06-16 13:44:39,701 : INFO :  Test_Login : test_logout_002: Click on menu Button
2023-06-16 13:44:40,856 : INFO :  Test_Login : test_logout_002: Click on Logout button
2023-06-16 13:44:40,977 : INFO :  Test_Login : test_logout_002: Test_login_002 completed
2023-06-16 13:44:48,197 : INFO :  Test_ddt : test_ddt_login__003: Opening Browser
2023-06-16 13:44:55,051 : INFO :  Test_ddt : test_ddt_login__003: Going To URL
2023-06-16 13:44:55,745 : INFO :  Test_ddt : test_ddt_login__003: Enter UserName-->Admin
2023-06-16 13:44:55,895 : INFO :  Test_ddt : test_ddt_login__003: Enter Password-->admin123
2023-06-16 13:44:55,973 : INFO :  Test_ddt : test_ddt_login__003: Click on login button
2023-06-16 13:45:00,497 : INFO :  Test_ddt : test_ddt_login__003: Click on Menu Button
2023-06-16 13:45:01,417 : INFO :  Test_ddt : test_ddt_login__003: Click on logout Button
2023-06-16 13:45:02,249 : INFO :  Test_ddt : test_ddt_login__003: Enter UserName-->Admin1
2023-06-16 13:45:02,354 : INFO :  Test_ddt : test_ddt_login__003: Enter Password-->admin123
2023-06-16 13:45:02,417 : INFO :  Test_ddt : test_ddt_login__003: Click on login button
2023-06-16 13:45:08,038 : INFO :  Test_ddt : test_ddt_login__003: Enter UserName-->Admin
2023-06-16 13:45:08,152 : INFO :  Test_ddt : test_ddt_login__003: Enter Password-->admin1234
2023-06-16 13:45:08,223 : INFO :  Test_ddt : test_ddt_login__003: Click on login button
2023-06-16 13:45:13,816 : INFO :  Test_ddt : test_ddt_login__003: Enter UserName-->Admin1
2023-06-16 13:45:13,930 : INFO :  Test_ddt : test_ddt_login__003: Enter Password-->admin1234
2023-06-16 13:45:14,032 : INFO :  Test_ddt : test_ddt_login__003: Click on login button
2023-06-16 13:45:19,414 : INFO :  Test_ddt : test_ddt_login__003: test_login_params_003 is Passed
2023-06-16 13:45:19,613 : INFO :  Test_ddt : test_ddt_login__003: test_login_params_003 is Completed
2023-06-16 13:50:03,701 : INFO :  Test_Login : test_url_001: Opening Browser
2023-06-16 13:50:10,500 : INFO :  Test_Login : test_url_001: Going to url
2023-06-16 13:50:12,502 : INFO :  Test_Login : test_url_001: checking Page title
2023-06-16 13:50:13,530 : INFO :  Test_Login : test_url_001: Test_url_001 passed
2023-06-16 13:50:14,348 : INFO :  Test_Login : test_url_001: Url login Close
2023-06-16 13:50:14,349 : INFO :  Test_Login : test_url_001: Test_Url_001_Completed
2023-06-16 13:50:17,037 : INFO :  Test_Login : test_logout_002: Opening Browser
2023-06-16 13:50:26,407 : INFO :  Test_Login : test_logout_002: going To URL
2023-06-16 13:50:28,409 : INFO :  Test_Login : test_logout_002: Entering Username
2023-06-16 13:50:28,646 : INFO :  Test_Login : test_logout_002: Entering Password
2023-06-16 13:50:28,866 : INFO :  Test_Login : test_logout_002: Login success
2023-06-16 13:50:32,591 : INFO :  Test_Login : test_logout_002: Test_002_Passed
2023-06-16 13:50:32,781 : INFO :  Test_Login : test_logout_002: Click on menu Button
2023-06-16 13:50:33,788 : INFO :  Test_Login : test_logout_002: Click on Logout button
2023-06-16 13:50:33,927 : INFO :  Test_Login : test_logout_002: Test_login_002 completed
2023-06-16 13:50:36,354 : INFO :  Test_ddt : test_ddt_login__003: Opening Browser
2023-06-16 13:50:43,815 : INFO :  Test_ddt : test_ddt_login__003: Going To URL
2023-06-16 13:50:45,037 : INFO :  Test_ddt : test_ddt_login__003: Enter UserName-->Admin
2023-06-16 13:50:45,196 : INFO :  Test_ddt : test_ddt_login__003: Enter Password-->admin123
2023-06-16 13:50:45,290 : INFO :  Test_ddt : test_ddt_login__003: Click on login button
2023-06-16 13:50:47,793 : INFO :  Test_ddt : test_ddt_login__003: Click on Menu Button
2023-06-16 13:50:49,729 : INFO :  Test_ddt : test_ddt_login__003: Click on logout Button
2023-06-16 13:50:50,350 : INFO :  Test_ddt : test_ddt_login__003: Enter UserName-->Admin1
2023-06-16 13:50:50,512 : INFO :  Test_ddt : test_ddt_login__003: Enter Password-->admin123
2023-06-16 13:50:50,581 : INFO :  Test_ddt : test_ddt_login__003: Click on login button
2023-06-16 13:50:56,088 : INFO :  Test_ddt : test_ddt_login__003: Enter UserName-->Admin
2023-06-16 13:50:56,201 : INFO :  Test_ddt : test_ddt_login__003: Enter Password-->admin1234
2023-06-16 13:50:56,269 : INFO :  Test_ddt : test_ddt_login__003: Click on login button
2023-06-16 13:51:01,845 : INFO :  Test_ddt : test_ddt_login__003: Enter UserName-->Admin1
2023-06-16 13:51:01,970 : INFO :  Test_ddt : test_ddt_login__003: Enter Password-->admin1234
2023-06-16 13:51:02,124 : INFO :  Test_ddt : test_ddt_login__003: Click on login button
2023-06-16 13:51:07,621 : INFO :  Test_ddt : test_ddt_login__003: test_login_params_003 is Passed
2023-06-16 13:51:07,786 : INFO :  Test_ddt : test_ddt_login__003: test_login_params_003 is Completed
2023-06-16 13:53:13,217 : INFO :  Test_Login : test_url_001: Opening Browser
2023-06-16 13:53:26,084 : INFO :  Test_Login : test_url_001: Going to url
2023-06-16 13:53:28,084 : INFO :  Test_Login : test_url_001: checking Page title
2023-06-16 13:53:28,112 : INFO :  Test_Login : test_url_001: Test_url_001 passed
2023-06-16 13:53:28,727 : INFO :  Test_Login : test_url_001: Url login Close
2023-06-16 13:53:28,727 : INFO :  Test_Login : test_url_001: Test_Url_001_Completed
2023-06-16 13:53:33,498 : INFO :  Test_Login : test_logout_002: Opening Browser
2023-06-16 13:53:40,752 : INFO :  Test_Login : test_logout_002: going To URL
2023-06-16 13:53:42,753 : INFO :  Test_Login : test_logout_002: Entering Username
2023-06-16 13:53:42,922 : INFO :  Test_Login : test_logout_002: Entering Password
2023-06-16 13:53:43,043 : INFO :  Test_Login : test_logout_002: Login success
2023-06-16 13:53:46,942 : INFO :  Test_Login : test_logout_002: Test_002_Passed
2023-06-16 13:53:47,089 : INFO :  Test_Login : test_logout_002: Click on menu Button
2023-06-16 13:53:48,076 : INFO :  Test_Login : test_logout_002: Click on Logout button
2023-06-16 13:53:48,274 : INFO :  Test_Login : test_logout_002: Test_login_002 completed
2023-06-16 13:53:52,268 : INFO :  Test_ddt : test_ddt_login__003: Opening Browser
2023-06-16 13:54:00,477 : INFO :  Test_ddt : test_ddt_login__003: Going To URL
2023-06-16 13:54:01,601 : INFO :  Test_ddt : test_ddt_login__003: Enter UserName-->Admin
2023-06-16 13:54:01,830 : INFO :  Test_ddt : test_ddt_login__003: Enter Password-->admin123
2023-06-16 13:54:02,005 : INFO :  Test_ddt : test_ddt_login__003: Click on login button
2023-06-16 13:54:04,572 : INFO :  Test_ddt : test_ddt_login__003: Click on Menu Button
2023-06-16 13:54:05,901 : INFO :  Test_ddt : test_ddt_login__003: Click on logout Button
2023-06-16 13:54:06,727 : INFO :  Test_ddt : test_ddt_login__003: Enter UserName-->Admin1
2023-06-16 13:54:06,890 : INFO :  Test_ddt : test_ddt_login__003: Enter Password-->admin123
2023-06-16 13:54:07,979 : INFO :  Test_ddt : test_ddt_login__003: Click on login button
2023-06-16 13:54:13,532 : INFO :  Test_ddt : test_ddt_login__003: Enter UserName-->Admin
2023-06-16 13:54:13,690 : INFO :  Test_ddt : test_ddt_login__003: Enter Password-->admin1234
2023-06-16 13:54:13,798 : INFO :  Test_ddt : test_ddt_login__003: Click on login button
2023-06-16 13:54:19,442 : INFO :  Test_ddt : test_ddt_login__003: Enter UserName-->Admin1
2023-06-16 13:54:19,618 : INFO :  Test_ddt : test_ddt_login__003: Enter Password-->admin1234
2023-06-16 13:54:21,055 : INFO :  Test_ddt : test_ddt_login__003: Click on login button
2023-06-16 13:54:26,349 : INFO :  Test_ddt : test_ddt_login__003: test_login_params_003 is Passed
2023-06-16 13:54:26,865 : INFO :  Test_ddt : test_ddt_login__003: test_login_params_003 is Completed
2023-06-16 14:02:13,930 : INFO :  Test_ddt : test_ddt_login__003: Opening Browser
2023-06-16 14:02:20,224 : INFO :  Test_ddt : test_ddt_login__003: Going To URL
2023-06-16 14:02:21,905 : INFO :  Test_ddt : test_ddt_login__003: Enter UserName-->Admin
2023-06-16 14:02:22,170 : INFO :  Test_ddt : test_ddt_login__003: Enter Password-->admin123
2023-06-16 14:02:22,390 : INFO :  Test_ddt : test_ddt_login__003: Click on login button
2023-06-16 14:02:25,007 : INFO :  Test_ddt : test_ddt_login__003: Click on Menu Button
2023-06-16 14:02:27,306 : INFO :  Test_ddt : test_ddt_login__003: Click on logout Button
2023-06-16 14:02:28,698 : INFO :  Test_ddt : test_ddt_login__003: Enter UserName-->Admin1
2023-06-16 14:02:28,855 : INFO :  Test_ddt : test_ddt_login__003: Enter Password-->admin123
2023-06-16 14:02:28,935 : INFO :  Test_ddt : test_ddt_login__003: Click on login button
2023-06-16 14:02:34,318 : INFO :  Test_ddt : test_ddt_login__003: Enter UserName-->Admin
2023-06-16 14:02:34,506 : INFO :  Test_ddt : test_ddt_login__003: Enter Password-->admin1234
2023-06-16 14:02:34,611 : INFO :  Test_ddt : test_ddt_login__003: Click on login button
2023-06-16 14:02:40,232 : INFO :  Test_ddt : test_ddt_login__003: Enter UserName-->Admin1
2023-06-16 14:02:40,361 : INFO :  Test_ddt : test_ddt_login__003: Enter Password-->admin1234
2023-06-16 14:02:40,493 : INFO :  Test_ddt : test_ddt_login__003: Click on login button
2023-06-16 14:02:46,815 : INFO :  Test_ddt : test_ddt_login__003: test_login_params_003 is Passed
2023-06-16 14:02:47,976 : INFO :  Test_ddt : test_ddt_login__003: test_login_params_003 is Completed
2023-06-16 14:04:31,545 : INFO :  Test_Login : test_url_001: Opening Browser
2023-06-16 14:04:39,761 : INFO :  Test_Login : test_url_001: Going to url
2023-06-16 14:04:41,762 : INFO :  Test_Login : test_url_001: checking Page title
2023-06-16 14:04:41,786 : INFO :  Test_Login : test_url_001: Test_url_001 passed
2023-06-16 14:04:42,201 : INFO :  Test_Login : test_url_001: Url login Close
2023-06-16 14:04:42,201 : INFO :  Test_Login : test_url_001: Test_Url_001_Completed
2023-06-16 14:04:46,769 : INFO :  Test_Login : test_logout_002: Opening Browser
2023-06-16 14:04:53,959 : INFO :  Test_Login : test_logout_002: going To URL
2023-06-16 14:04:55,960 : INFO :  Test_Login : test_logout_002: Entering Username
2023-06-16 14:04:56,096 : INFO :  Test_Login : test_logout_002: Entering Password
2023-06-16 14:04:56,224 : INFO :  Test_Login : test_logout_002: Login success
2023-06-16 14:04:59,752 : INFO :  Test_Login : test_logout_002: Test_002_Passed
2023-06-16 14:04:59,863 : INFO :  Test_Login : test_logout_002: Click on menu Button
2023-06-16 14:05:01,601 : INFO :  Test_Login : test_logout_002: Click on Logout button
2023-06-16 14:05:01,835 : INFO :  Test_Login : test_logout_002: Test_login_002 completed
2023-06-16 14:05:07,855 : INFO :  Test_ddt : test_ddt_login__003: Opening Browser
2023-06-16 14:05:14,610 : INFO :  Test_ddt : test_ddt_login__003: Going To URL
2023-06-16 14:05:15,904 : INFO :  Test_ddt : test_ddt_login__003: Enter UserName-->Admin
2023-06-16 14:05:16,127 : INFO :  Test_ddt : test_ddt_login__003: Enter Password-->admin123
2023-06-16 14:05:17,833 : INFO :  Test_ddt : test_ddt_login__003: Click on login button
2023-06-16 14:05:19,006 : INFO :  Test_ddt : test_ddt_login__003: Click on Menu Button
2023-06-16 14:05:21,106 : INFO :  Test_ddt : test_ddt_login__003: Click on logout Button
2023-06-16 14:05:22,075 : INFO :  Test_ddt : test_ddt_login__003: Enter UserName-->Admin1
2023-06-16 14:05:22,285 : INFO :  Test_ddt : test_ddt_login__003: Enter Password-->admin123
2023-06-16 14:05:22,376 : INFO :  Test_ddt : test_ddt_login__003: Click on login button
2023-06-16 14:05:27,756 : INFO :  Test_ddt : test_ddt_login__003: Enter UserName-->Admin
2023-06-16 14:05:28,038 : INFO :  Test_ddt : test_ddt_login__003: Enter Password-->admin1234
2023-06-16 14:05:28,202 : INFO :  Test_ddt : test_ddt_login__003: Click on login button
2023-06-16 14:05:33,952 : INFO :  Test_ddt : test_ddt_login__003: Enter UserName-->Admin1
2023-06-16 14:05:34,160 : INFO :  Test_ddt : test_ddt_login__003: Enter Password-->admin1234
2023-06-16 14:05:35,614 : INFO :  Test_ddt : test_ddt_login__003: Click on login button
2023-06-16 14:05:40,959 : INFO :  Test_ddt : test_ddt_login__003: test_login_params_003 is Passed
2023-06-16 14:05:41,305 : INFO :  Test_ddt : test_ddt_login__003: test_login_params_003 is Completed
2023-06-16 14:05:55,591 : INFO :  Test_login_param_004 : test_login_param_004: Opening Browser
2023-06-16 14:06:08,780 : INFO :  Test_login_param_004 : test_login_param_004: Geting url
2023-06-16 14:06:10,315 : INFO :  Test_login_param_004 : test_login_param_004: Enter Username -->Admin
2023-06-16 14:06:10,569 : INFO :  Test_login_param_004 : test_login_param_004: enter Password --->admin123
2023-06-16 14:06:10,675 : INFO :  Test_login_param_004 : test_login_param_004: Click On Login button
2023-06-16 14:06:14,158 : INFO :  Test_login_param_004 : test_login_param_004: Clik on menu Button
2023-06-16 14:06:15,419 : INFO :  Test_login_param_004 : test_login_param_004: Click on LogOut Button
2023-06-16 14:06:15,420 : INFO :  Test_login_param_004 : test_login_param_004: test_login_params_003 is Passed
2023-06-16 14:06:15,661 : INFO :  Test_login_param_004 : test_login_param_004: test_login_params_003 is Completed
2023-06-16 14:06:23,233 : INFO :  Test_login_param_004 : test_login_param_004: Opening Browser
2023-06-16 14:06:29,541 : INFO :  Test_login_param_004 : test_login_param_004: Geting url
2023-06-16 14:06:30,508 : INFO :  Test_login_param_004 : test_login_param_004: Enter Username -->Admin1
2023-06-16 14:06:30,808 : INFO :  Test_login_param_004 : test_login_param_004: enter Password --->admin123
2023-06-16 14:06:30,945 : INFO :  Test_login_param_004 : test_login_param_004: Click On Login button
2023-06-16 14:06:36,521 : INFO :  Test_login_param_004 : test_login_param_004: test_login_params_003 is Passed
2023-06-16 14:06:36,795 : INFO :  Test_login_param_004 : test_login_param_004: test_login_params_003 is Completed
2023-06-16 14:06:42,000 : INFO :  Test_login_param_004 : test_login_param_004: Opening Browser
2023-06-16 14:06:47,749 : INFO :  Test_login_param_004 : test_login_param_004: Geting url
2023-06-16 14:06:48,657 : INFO :  Test_login_param_004 : test_login_param_004: Enter Username -->Admin
2023-06-16 14:06:48,970 : INFO :  Test_login_param_004 : test_login_param_004: enter Password --->admin1231
2023-06-16 14:06:49,128 : INFO :  Test_login_param_004 : test_login_param_004: Click On Login button
2023-06-16 14:06:54,440 : INFO :  Test_login_param_004 : test_login_param_004: test_login_params_003 is Passed
2023-06-16 14:06:54,680 : INFO :  Test_login_param_004 : test_login_param_004: test_login_params_003 is Completed
2023-06-16 14:06:58,421 : INFO :  Test_login_param_004 : test_login_param_004: Opening Browser
2023-06-16 14:07:05,788 : INFO :  Test_login_param_004 : test_login_param_004: Geting url
2023-06-16 14:07:06,976 : INFO :  Test_login_param_004 : test_login_param_004: Enter Username -->Admin1
2023-06-16 14:07:07,265 : INFO :  Test_login_param_004 : test_login_param_004: enter Password --->admin1231
2023-06-16 14:07:07,385 : INFO :  Test_login_param_004 : test_login_param_004: Click On Login button
2023-06-16 14:07:13,057 : INFO :  Test_login_param_004 : test_login_param_004: test_login_params_003 is Passed
2023-06-16 14:07:15,121 : INFO :  Test_login_param_004 : test_login_param_004: test_login_params_003 is Completed
2023-06-16 15:06:42,495 : INFO :  Test_Login : test_url_001: Opening Browser
2023-06-16 15:06:50,760 : INFO :  Test_Login : test_url_001: Going to url
2023-06-16 15:06:52,762 : INFO :  Test_Login : test_url_001: checking Page title
2023-06-16 15:06:52,834 : INFO :  Test_Login : test_url_001: Test_url_001 passed
2023-06-16 15:06:53,633 : INFO :  Test_Login : test_url_001: Url login Close
2023-06-16 15:06:53,633 : INFO :  Test_Login : test_url_001: Test_Url_001_Completed
2023-06-16 15:06:58,937 : INFO :  Test_Login : test_logout_002: Opening Browser
2023-06-16 15:07:10,371 : INFO :  Test_Login : test_logout_002: going To URL
2023-06-16 15:07:12,372 : INFO :  Test_Login : test_logout_002: Entering Username
2023-06-16 15:07:13,131 : INFO :  Test_Login : test_logout_002: Entering Password
2023-06-16 15:07:13,330 : INFO :  Test_Login : test_logout_002: Login success
2023-06-16 15:07:17,597 : INFO :  Test_Login : test_logout_002: Test_002_Passed
2023-06-16 15:07:17,676 : INFO :  Test_Login : test_logout_002: Click on menu Button
2023-06-16 15:07:19,115 : INFO :  Test_Login : test_logout_002: Click on Logout button
2023-06-16 15:07:19,400 : INFO :  Test_Login : test_logout_002: Test_login_002 completed
2023-06-16 15:07:23,195 : INFO :  Test_ddt : test_ddt_login__003: Opening Browser
2023-06-16 15:07:30,711 : INFO :  Test_ddt : test_ddt_login__003: Going To URL
2023-06-16 15:07:31,839 : INFO :  Test_ddt : test_ddt_login__003: Enter UserName-->Admin
2023-06-16 15:07:32,025 : INFO :  Test_ddt : test_ddt_login__003: Enter Password-->admin123
2023-06-16 15:07:32,236 : INFO :  Test_ddt : test_ddt_login__003: Click on login button
2023-06-16 15:07:34,970 : INFO :  Test_ddt : test_ddt_login__003: Click on Menu Button
2023-06-16 15:07:36,870 : INFO :  Test_ddt : test_ddt_login__003: Click on logout Button
2023-06-16 15:07:37,638 : INFO :  Test_ddt : test_ddt_login__003: Enter UserName-->Admin1
2023-06-16 15:07:37,768 : INFO :  Test_ddt : test_ddt_login__003: Enter Password-->admin123
2023-06-16 15:07:37,898 : INFO :  Test_ddt : test_ddt_login__003: Click on login button
2023-06-16 15:07:43,316 : INFO :  Test_ddt : test_ddt_login__003: Enter UserName-->Admin
2023-06-16 15:07:43,493 : INFO :  Test_ddt : test_ddt_login__003: Enter Password-->admin1234
2023-06-16 15:07:43,577 : INFO :  Test_ddt : test_ddt_login__003: Click on login button
2023-06-16 15:07:48,992 : INFO :  Test_ddt : test_ddt_login__003: Enter UserName-->Admin1
2023-06-16 15:07:49,125 : INFO :  Test_ddt : test_ddt_login__003: Enter Password-->admin1234
2023-06-16 15:07:49,257 : INFO :  Test_ddt : test_ddt_login__003: Click on login button
2023-06-16 15:07:54,823 : INFO :  Test_ddt : test_ddt_login__003: test_login_params_003 is Passed
2023-06-16 15:07:55,103 : INFO :  Test_ddt : test_ddt_login__003: test_login_params_003 is Completed
2023-06-16 15:07:59,038 : INFO :  Test_login_param_004 : test_login_param_004: Opening Browser
2023-06-16 15:08:05,171 : INFO :  Test_login_param_004 : test_login_param_004: Geting url
2023-06-16 15:08:06,339 : INFO :  Test_login_param_004 : test_login_param_004: Enter Username -->Admin
2023-06-16 15:08:06,547 : INFO :  Test_login_param_004 : test_login_param_004: enter Password --->admin123
2023-06-16 15:08:06,734 : INFO :  Test_login_param_004 : test_login_param_004: Click On Login button
2023-06-16 15:08:09,739 : INFO :  Test_login_param_004 : test_login_param_004: Clik on menu Button
2023-06-16 15:08:11,708 : INFO :  Test_login_param_004 : test_login_param_004: Click on LogOut Button
2023-06-16 15:08:11,709 : INFO :  Test_login_param_004 : test_login_param_004: test_login_params_003 is Passed
2023-06-16 15:08:12,028 : INFO :  Test_login_param_004 : test_login_param_004: test_login_params_003 is Completed
2023-06-16 15:08:18,304 : INFO :  Test_login_param_004 : test_login_param_004: Opening Browser
2023-06-16 15:08:24,464 : INFO :  Test_login_param_004 : test_login_param_004: Geting url
2023-06-16 15:08:25,695 : INFO :  Test_login_param_004 : test_login_param_004: Enter Username -->Admin1
2023-06-16 15:08:25,913 : INFO :  Test_login_param_004 : test_login_param_004: enter Password --->admin123
2023-06-16 15:08:26,132 : INFO :  Test_login_param_004 : test_login_param_004: Click On Login button
2023-06-16 15:08:31,696 : INFO :  Test_login_param_004 : test_login_param_004: test_login_params_003 is Passed
2023-06-16 15:08:32,066 : INFO :  Test_login_param_004 : test_login_param_004: test_login_params_003 is Completed
2023-06-16 15:08:35,117 : INFO :  Test_login_param_004 : test_login_param_004: Opening Browser
2023-06-16 15:08:41,105 : INFO :  Test_login_param_004 : test_login_param_004: Geting url
2023-06-16 15:08:42,027 : INFO :  Test_login_param_004 : test_login_param_004: Enter Username -->Admin
2023-06-16 15:08:42,211 : INFO :  Test_login_param_004 : test_login_param_004: enter Password --->admin1231
2023-06-16 15:08:42,323 : INFO :  Test_login_param_004 : test_login_param_004: Click On Login button
2023-06-16 15:08:47,531 : INFO :  Test_login_param_004 : test_login_param_004: test_login_params_003 is Passed
2023-06-16 15:08:47,842 : INFO :  Test_login_param_004 : test_login_param_004: test_login_params_003 is Completed
2023-06-16 15:08:51,000 : INFO :  Test_login_param_004 : test_login_param_004: Opening Browser
2023-06-16 15:08:57,683 : INFO :  Test_login_param_004 : test_login_param_004: Geting url
2023-06-16 15:08:59,185 : INFO :  Test_login_param_004 : test_login_param_004: Enter Username -->Admin1
2023-06-16 15:08:59,431 : INFO :  Test_login_param_004 : test_login_param_004: enter Password --->admin1231
2023-06-16 15:08:59,598 : INFO :  Test_login_param_004 : test_login_param_004: Click On Login button
2023-06-16 15:09:05,074 : INFO :  Test_login_param_004 : test_login_param_004: test_login_params_003 is Passed
2023-06-16 15:09:05,369 : INFO :  Test_login_param_004 : test_login_param_004: test_login_params_003 is Completed
